{"/Users/saad.ulde/Documents/Projects/microfrontend/lerna-components/packages/wc-react-app/src/wc-react-app.js": {"path":"/Users/saad.ulde/Documents/Projects/microfrontend/lerna-components/packages/wc-react-app/src/wc-react-app.js","statementMap":{"0":{"start":{"line":6,"column":8},"end":{"line":12,"column":10}}},"fnMap":{"0":{"name":"(anonymous_0)","decl":{"start":{"line":5,"column":4},"end":{"line":5,"column":5}},"loc":{"start":{"line":5,"column":13},"end":{"line":13,"column":5}},"line":5}},"branchMap":{},"s":{"0":1},"f":{"0":1},"b":{},"_coverageSchema":"43e27e138ebf9cfc5966b082cf9a028302ed4184","hash":"c24d4a668d3044bda700fca90ccea74924a009f9"}
}
